<?xml version="1.0" encoding="UTF-8"?>
<!-- Generated by org.testng.reporters.JUnitReportReporter -->
<testsuite hostname="DESKTOP-JTEGST3" failures="0" tests="1" name="runner.demoBlazeFlow" time="5.020" errors="1" timestamp="2026-08-30T18:45:29 IST" skipped="0">
  <testcase classname="runner.demoBlazeFlow" name="runScenario" time="5.020">
    <error message="Cannot invoke &quot;org.openqa.selenium.WebDriver.findElement(org.openqa.selenium.By)&quot; because &quot;this.driver&quot; is null" type="java.lang.NullPointerException">
      <![CDATA[java.lang.NullPointerException: Cannot invoke "org.openqa.selenium.WebDriver.findElement(org.openqa.selenium.By)" because "this.driver" is null
at pages.SignUp_Page.signupClick(SignUp_Page.java:17)
at stepdefinitions.PurchaseTestE2E.signup(PurchaseTestE2E.java:31)
at ✽.User should be signed up(file:///D:/eclipse/DemoBlaze_AutomationFramework/src/test/java/FeatureFiles/purchaseE2E.feature:5)
]]>
    </error>
  </testcase> <!-- runScenario -->
</testsuite> <!-- runner.demoBlazeFlow -->
