<?xml version="1.0" encoding="UTF-8"?>
<!-- Generated by org.testng.reporters.JUnitReportReporter -->
<testsuite hostname="DESKTOP-JTEGST3" failures="0" tests="6" name="tests.LoginTests" time="36.223" errors="0" timestamp="2026-08-31T09:22:53 IST" skipped="0">
  <testcase classname="tests.LoginTests" name="loginTest" time="5.797"/>
  <testcase classname="tests.LoginTests" name="loginTest" time="6.052"/>
  <testcase classname="tests.LoginTests" name="loginTest" time="5.245"/>
  <testcase classname="tests.LoginTests" name="loginTest" time="5.360"/>
  <testcase classname="tests.LoginTests" name="loginTest" time="6.317"/>
  <testcase classname="tests.LoginTests" name="loginTest" time="7.452"/>
</testsuite> <!-- tests.LoginTests -->
